<?xml version="1.0" ?>
<!DOCTYPE coverage SYSTEM 'http://cobertura.sourceforge.net/xml/coverage-03.dtd'>
<coverage line-rate="0.000" version="1.9" timestamp="1551016680">
	<sources>
		<source>/</source>
	</sources>
	<packages>
		<package name="calculator_7c92e8220fa75aae" line-rate="0.000" branch-rate="1.0" complexity="1.0">
			<classes>
				<class name="tmmintrin_h" filename="usr/lib/gcc/x86_64-linux-gnu/5/include/tmmintrin.h" line-rate="0.000">
					<lines>
						<line number="138" hits="0"/>
					</lines>
				</class>
				<class name="smmintrin_h" filename="usr/lib/gcc/x86_64-linux-gnu/5/include/smmintrin.h" line-rate="0.000">
					<lines>
						<line number="633" hits="0"/>
						<line number="686" hits="0"/>
						<line number="710" hits="0"/>
					</lines>
				</class>
				<class name="emmintrin_h" filename="usr/lib/gcc/x86_64-linux-gnu/5/include/emmintrin.h" line-rate="0.000">
					<lines>
						<line number="692" hits="0"/>
						<line number="698" hits="0"/>
					</lines>
				</class>
				<class name="main_rs" filename="home/knoldus/calculator/src/main.rs" line-rate="0.952">
					<lines>
						<line number="1" hits="0"/>
						<line number="9" hits="1"/>
						<line number="11" hits="1"/>
						<line number="12" hits="1"/>
						<line number="13" hits="1"/>
						<line number="15" hits="1"/>
						<line number="17" hits="1"/>
						<line number="18" hits="1"/>
						<line number="19" hits="1"/>
						<line number="23" hits="3"/>
						<line number="24" hits="1"/>
						<line number="25" hits="2"/>
						<line number="28" hits="3"/>
						<line number="29" hits="1"/>
						<line number="30" hits="2"/>
						<line number="33" hits="3"/>
						<line number="34" hits="1"/>
						<line number="35" hits="2"/>
						<line number="38" hits="3"/>
						<line number="39" hits="1"/>
						<line number="40" hits="2"/>
					</lines>
				</class>
			</classes>
		</package>
	</packages>
</coverage>
